<?xml version="1.0" encoding="UTF-8"?>
<!-- Generated by org.testng.reporters.JUnitReportReporter -->
<testsuite hostname="DEEL" failures="0" tests="1" name="automationPractice.Tests.StandaloneTest" time="43.811" errors="0" timestamp="2024-04-03T21:00:49 IST" skipped="0">
  <testcase classname="automationPractice.Tests.StandaloneTest" name="submitOrder" time="43.811"/>
</testsuite> <!-- automationPractice.Tests.StandaloneTest -->
