<?xml version="1.0" encoding="UTF-8"?>
<!-- Generated by org.testng.reporters.JUnitReportReporter -->
<testsuite hostname="DEEL" failures="0" tests="2" name="automationPractice.Tests.ErrorValidations" time="40.136" errors="0" timestamp="2024-04-23T15:36:39 IST" skipped="0">
  <testcase classname="automationPractice.Tests.ErrorValidations" name="productCatalogueErrorValidation" time="24.784"/>
  <testcase classname="automationPractice.Tests.ErrorValidations" name="LoginErrorValidation" time="15.352"/>
</testsuite> <!-- automationPractice.Tests.ErrorValidations -->
