<?xml version="1.0" encoding="UTF-8"?>
<!-- Generated by org.testng.reporters.JUnitReportReporter -->
<testsuite hostname="DEEL" failures="0" tests="1" name="cucumber.TestNGTestRunner" time="32.661" errors="0" timestamp="2024-04-23T21:53:50 IST" skipped="0">
  <testcase classname="cucumber.TestNGTestRunner" name="runScenario" time="32.661"/>
</testsuite> <!-- cucumber.TestNGTestRunner -->
