<?xml version="1.0" encoding="UTF-8"?>
<!-- Generated by org.testng.reporters.JUnitReportReporter -->
<testsuite hostname="DEEL" failures="0" tests="1" name="cucumber.TestNGTestRunner" time="27.566" errors="0" timestamp="2024-04-27T06:37:57 IST" skipped="0">
  <testcase classname="cucumber.TestNGTestRunner" name="runScenario" time="27.566"/>
</testsuite> <!-- cucumber.TestNGTestRunner -->
